<?xml version="1.0" encoding="UTF-8"?>
<!-- Generated by org.testng.reporters.JUnitReportReporter -->
<testsuite hostname="MSI" failures="0" tests="1" name="training.tests.ErrorValidations" time="2.828" errors="0" timestamp="2023-05-18T16:42:18 EDT" skipped="0">
  <testcase classname="training.tests.ErrorValidations" name="wrongPassword" time="2.828"/>
  <system-out/>
</testsuite> <!-- training.tests.ErrorValidations -->
