<?xml version="1.0" encoding="UTF-8"?>
<!-- Generated by org.testng.reporters.JUnitReportReporter -->
<testsuite hostname="MSI" failures="0" tests="1" name="training.tests.ErrorValidationsTests" time="7.680" errors="0" timestamp="2023-05-19T12:35:05 EDT" skipped="0">
  <testcase classname="training.tests.ErrorValidationsTests" name="wrongPassword" time="7.680"/>
  <system-out/>
</testsuite> <!-- training.tests.ErrorValidationsTests -->
