<?xml version="1.0" encoding="UTF-8"?>
<!-- Generated by org.testng.reporters.JUnitReportReporter -->
<testsuite hostname="MSI" failures="0" tests="1" name="training.tests.PlaceOrder" time="7.365" errors="0" timestamp="2023-05-18T17:09:47 EDT" skipped="0">
  <testcase classname="training.tests.PlaceOrder" name="wrongProductName" time="7.365"/>
  <system-out/>
</testsuite> <!-- training.tests.PlaceOrder -->
