<?xml version="1.0" encoding="UTF-8"?>
<!-- Generated by org.testng.reporters.JUnitReportReporter -->
<testsuite hostname="MSI" failures="0" tests="1" name="training.tests.StandAloneTestPageObjects" time="3.577" errors="0" timestamp="2023-05-18T10:59:27 EDT" skipped="0">
  <testcase classname="training.tests.StandAloneTestPageObjects" name="submitOrder" time="3.577"/>
  <system-out/>
</testsuite> <!-- training.tests.StandAloneTestPageObjects -->
